2018-03-16 17:07:33,726 - werkzeug - INFO - _internal : 88 -  * Running on http://127.0.0.1:5000/ (Press CTRL+C to quit)
2018-03-16 17:07:35,195 - werkzeug - INFO - _internal : 88 - 127.0.0.1 - - [16/Mar/2018 17:07:35] "GET / HTTP/1.1" 200 -
2018-03-16 17:07:37,523 - root - DEBUG - webapp : 39 - keyword: CAT --search query
2018-03-16 17:07:37,523 - root - DEBUG - webapp : 40 - meme_only: on --on for meme only checked/ None for unchecked
2018-03-16 17:07:37,523 - root - ERROR - memeFinder : 164 - [Errno 2] No such file or directory: 'cache\\cache.pickle'
2018-03-16 17:07:37,523 - root - ERROR - memeFinder : 79 - 'NoneType' object is not iterable
2018-03-16 17:07:37,523 - root - ERROR - memeFinder : 80 - No fresh memes
2018-03-16 17:07:37,523 - root - INFO - memeFinder : 95 - Could not find fresh cache from: ['giphy', 'imgur', 'reddit']
2018-03-16 17:07:37,523 - root - INFO - memeFinderGiphy : 18 - Accessing GIPHY API
2018-03-16 17:07:37,523 - root - DEBUG - memeFinderGiphy : 30 - keyword: CAT meme
2018-03-16 17:07:37,523 - root - DEBUG - memeFinderGiphy : 34 - url:http://api.giphy.com/v1/gifs/search?q=CAT+meme&api_key=j5jfFyrNeH00309l3bVY2WpMeLJbXpB5&limit=25
2018-03-16 17:07:37,633 - root - INFO - memeFinderImgur : 18 - Accessing IMGUR API
2018-03-16 17:07:37,945 - root - DEBUG - memeFinderImgur : 26 - imgur auth url: https://api.imgur.com/oauth2/authorize?client_id=ccc816b49d80d78&response_type=pin
2018-03-16 17:07:37,945 - root - DEBUG - memeFinderImgur : 33 - keyword: CAT meme
2018-03-16 17:07:38,805 - root - INFO - memeFinderReddit : 16 - Accessing REDDIT API
2018-03-16 17:07:39,024 - root - DEBUG - memeFinderReddit : 28 - reddit read only?:True
2018-03-16 17:07:39,024 - root - DEBUG - memeFinderReddit : 37 - subreddit value: meme
2018-03-16 17:07:40,024 - root - DEBUG - webapp : 55 - GIPHY: title:mash up cat GIF img:https://media1.giphy.com/media/SDUd9LsM0nDDG/giphy-downsized.gif link:https://giphy.com/embed/SDUd9LsM0nDDG
2018-03-16 17:07:40,024 - root - DEBUG - webapp : 55 - IMGUR: title:My brothers cat looks like a meme template. img:https://i.imgur.com/XWmAZX0.jpg link:https://imgur.com/a/ZCo6D
2018-03-16 17:07:40,024 - root - DEBUG - webapp : 55 - REDDIT: title:Blazed Cat img:http://i.imgur.com/XgK7nRs.jpg link:https://redd.it/2coo2p
2018-03-16 17:07:40,024 - werkzeug - INFO - _internal : 88 - 127.0.0.1 - - [16/Mar/2018 17:07:40] "POST /meme HTTP/1.1" 200 -
2018-03-16 17:07:43,071 - werkzeug - INFO - _internal : 88 - 127.0.0.1 - - [16/Mar/2018 17:07:43] "GET / HTTP/1.1" 200 -
2018-03-16 17:07:44,664 - root - DEBUG - webapp : 39 - keyword: CAT --search query
2018-03-16 17:07:44,664 - root - DEBUG - webapp : 40 - meme_only: on --on for meme only checked/ None for unchecked
2018-03-16 17:07:44,664 - root - INFO - memeFinder : 160 - cache size: 3
2018-03-16 17:07:44,664 - root - DEBUG - webapp : 55 - GIPHY: title:cat meme GIF img:https://media0.giphy.com/media/8VKZWJkWKs8aQ/giphy-downsized.gif link:https://giphy.com/embed/8VKZWJkWKs8aQ
2018-03-16 17:07:44,664 - root - DEBUG - webapp : 55 - IMGUR: title:Lol found my cat in this box this morning made a meme with my second meme maker app posted on googl plus img:https://i.imgur.com/aaRXvdy.jpg link:https://imgur.com/a/MLqV2
2018-03-16 17:07:44,664 - root - DEBUG - webapp : 55 - REDDIT: title:My friends suggested I turn my cat into a meme. img:http://i.imgur.com/tYZKlVk.jpg link:https://redd.it/3cmpp9
2018-03-16 17:07:44,664 - werkzeug - INFO - _internal : 88 - 127.0.0.1 - - [16/Mar/2018 17:07:44] "POST /meme HTTP/1.1" 200 -
